<?xml version="1.0" encoding="UTF-8"?>
<!-- Generated by org.testng.reporters.JUnitReportReporter -->
<testsuite hostname="NX00557" failures="0" tests="1" name="Task6.task6.linked_in_upload_profile_image" time="61.479" errors="0" timestamp="2024-05-08T18:09:50 PKT" skipped="0">
  <testcase classname="Task6.task6.linked_in_upload_profile_image" name="upload_Profile_Image" time="61.479"/>
</testsuite> <!-- Task6.task6.linked_in_upload_profile_image -->
